c:\users\xiaohang\desktop\b\nfas\nfas\x64\release\usertabwidget.obj
c:\users\xiaohang\desktop\b\nfas\nfas\x64\release\nfas.obj
c:\users\xiaohang\desktop\b\nfas\nfas\x64\release\main.obj
c:\users\xiaohang\desktop\b\nfas\nfas\x64\release\logindialog.obj
c:\users\xiaohang\desktop\b\nfas\nfas\x64\release\moc_usertabwidget.obj
c:\users\xiaohang\desktop\b\nfas\nfas\x64\release\moc_resulttabwidget.obj
c:\users\xiaohang\desktop\b\nfas\nfas\x64\release\moc_nfas.obj
c:\users\xiaohang\desktop\b\nfas\nfas\x64\release\moc_logindialog.obj
c:\users\xiaohang\desktop\b\nfas\nfas\x64\release\moc_datamanager.obj
c:\users\xiaohang\desktop\b\nfas\nfas\x64\release\moc_attendancetabwidget.obj
c:\users\xiaohang\desktop\b\nfas\nfas\x64\release\moc_academicclassstudenttabwidget.obj
c:\users\xiaohang\desktop\b\nfas\nfas\x64\release\datamanager.obj
c:\users\xiaohang\desktop\b\nfas\nfas\x64\release\attendancetabwidget.obj
c:\users\xiaohang\desktop\b\nfas\nfas\x64\release\academicclassstudenttabwidget.obj
c:\users\xiaohang\desktop\b\nfas\nfas\x64\release\qrc_nfas.obj
c:\users\xiaohang\desktop\b\nfas\nfas\x64\release\resulttabwidget.obj
c:\users\xiaohang\desktop\b\nfas\nfas\generatedfiles\release\moc_nfas.cpp
c:\users\xiaohang\desktop\b\nfas\nfas\generatedfiles\qrc_nfas.cpp
c:\users\xiaohang\desktop\b\nfas\nfas\generatedfiles\release\moc_logindialog.cpp
c:\users\xiaohang\desktop\b\nfas\nfas\generatedfiles\release\moc_usertabwidget.cpp
c:\users\xiaohang\desktop\b\nfas\nfas\generatedfiles\release\moc_resulttabwidget.cpp
c:\users\xiaohang\desktop\b\nfas\nfas\generatedfiles\release\moc_attendancetabwidget.cpp
c:\users\xiaohang\desktop\b\nfas\nfas\generatedfiles\release\moc_datamanager.cpp
c:\users\xiaohang\desktop\b\nfas\nfas\generatedfiles\release\moc_academicclassstudenttabwidget.cpp
c:\users\xiaohang\desktop\b\nfas\x64\release\nfas.exe
h:\bishe\nfas\bishe\nfas\x64\release\academicclassstudenttabwidget.obj
h:\bishe\nfas\bishe\nfas\x64\release\attendancetabwidget.obj
h:\bishe\nfas\bishe\nfas\x64\release\datamanager.obj
h:\bishe\nfas\bishe\nfas\x64\release\logindialog.obj
h:\bishe\nfas\bishe\nfas\x64\release\main.obj
h:\bishe\nfas\bishe\nfas\x64\release\moc_academicclassstudenttabwidget.obj
h:\bishe\nfas\bishe\nfas\x64\release\moc_attendancetabwidget.obj
h:\bishe\nfas\bishe\nfas\x64\release\moc_datamanager.obj
h:\bishe\nfas\bishe\nfas\x64\release\moc_logindialog.obj
h:\bishe\nfas\bishe\nfas\x64\release\moc_nfas.obj
h:\bishe\nfas\bishe\nfas\x64\release\moc_resulttabwidget.obj
h:\bishe\nfas\bishe\nfas\x64\release\moc_usertabwidget.obj
h:\bishe\nfas\bishe\nfas\x64\release\nfas.obj
h:\bishe\nfas\bishe\nfas\x64\release\qrc_nfas.obj
h:\bishe\nfas\bishe\nfas\x64\release\resulttabwidget.obj
h:\bishe\nfas\bishe\nfas\x64\release\usertabwidget.obj
h:\bishe\nfas\bishe\x64\release\nfas.exe
h:\bishe\nfas\bishe\nfas\x64\release\nfas.tlog\cl.command.1.tlog
h:\bishe\nfas\bishe\nfas\x64\release\nfas.tlog\cl.read.1.tlog
h:\bishe\nfas\bishe\nfas\x64\release\nfas.tlog\cl.write.1.tlog
h:\bishe\nfas\bishe\nfas\x64\release\nfas.tlog\custombuild.command.1.tlog
h:\bishe\nfas\bishe\nfas\x64\release\nfas.tlog\custombuild.read.1.tlog
h:\bishe\nfas\bishe\nfas\x64\release\nfas.tlog\custombuild.write.1.tlog
h:\bishe\nfas\bishe\nfas\x64\release\nfas.tlog\link.command.1.tlog
h:\bishe\nfas\bishe\nfas\x64\release\nfas.tlog\link.read.1.tlog
h:\bishe\nfas\bishe\nfas\x64\release\nfas.tlog\link.write.1.tlog
