  Moc'ing nfas.h...
  Rcc'ing nfas.qrc...
  Moc'ing logindialog.hpp...
  Moc'ing usertabwidget.hpp...
  Moc'ing resulttabwidget.hpp...
  Moc'ing attendancetabwidget.hpp...
  Uic'ing devicewidget.ui...
  Moc'ing DataManager.h...
  Moc'ing academicclassstudenttabwidget.hpp...
  Moc'ing devicewidget.hpp...
  Moc'ing deal.hpp...
  academicclassstudenttabwidget.cpp
  attendancetabwidget.cpp
  DataManager.cpp
  deal.cpp
  devicewidget.cpp
  moc_academicclassstudenttabwidget.cpp
  moc_attendancetabwidget.cpp
  moc_DataManager.cpp
  moc_deal.cpp
  moc_devicewidget.cpp
  moc_logindialog.cpp
  moc_nfas.cpp
  moc_resulttabwidget.cpp
  moc_usertabwidget.cpp
  logindialog.cpp
  main.cpp
  nfas.cpp
  resulttabwidget.cpp
  TcpServer.cpp
  usertabwidget.cpp
  正在生成代码...
  qrc_nfas.cpp
  NFAS.vcxproj -> H:\BiShe\BiShe\BiShe\x64\Debug\NFAS.exe
  NFAS.vcxproj -> H:\BiShe\BiShe\BiShe\x64\Debug\NFAS.pdb (Full PDB)
