c:\users\xiaohang\desktop\b\nfas\nfas\x64\debug\vc140.pdb
c:\users\xiaohang\desktop\b\nfas\nfas\x64\debug\usertabwidget.obj
c:\users\xiaohang\desktop\b\nfas\nfas\x64\debug\resulttabwidget.obj
c:\users\xiaohang\desktop\b\nfas\nfas\x64\debug\nfas.obj
c:\users\xiaohang\desktop\b\nfas\nfas\x64\debug\main.obj
c:\users\xiaohang\desktop\b\nfas\nfas\x64\debug\logindialog.obj
c:\users\xiaohang\desktop\b\nfas\nfas\x64\debug\moc_usertabwidget.obj
c:\users\xiaohang\desktop\b\nfas\nfas\x64\debug\moc_resulttabwidget.obj
c:\users\xiaohang\desktop\b\nfas\nfas\x64\debug\moc_nfas.obj
c:\users\xiaohang\desktop\b\nfas\nfas\x64\debug\moc_logindialog.obj
c:\users\xiaohang\desktop\b\nfas\nfas\x64\debug\moc_datamanager.obj
c:\users\xiaohang\desktop\b\nfas\nfas\x64\debug\moc_attendancetabwidget.obj
c:\users\xiaohang\desktop\b\nfas\nfas\x64\debug\moc_academicclassstudenttabwidget.obj
c:\users\xiaohang\desktop\b\nfas\nfas\x64\debug\datamanager.obj
c:\users\xiaohang\desktop\b\nfas\nfas\x64\debug\attendancetabwidget.obj
c:\users\xiaohang\desktop\b\nfas\nfas\x64\debug\academicclassstudenttabwidget.obj
c:\users\xiaohang\desktop\b\nfas\nfas\x64\debug\qrc_nfas.obj
c:\users\xiaohang\desktop\b\nfas\nfas\generatedfiles\debug\moc_nfas.cpp
c:\users\xiaohang\desktop\b\nfas\nfas\generatedfiles\qrc_nfas.cpp
c:\users\xiaohang\desktop\b\nfas\nfas\generatedfiles\debug\moc_logindialog.cpp
c:\users\xiaohang\desktop\b\nfas\nfas\generatedfiles\debug\moc_usertabwidget.cpp
c:\users\xiaohang\desktop\b\nfas\nfas\generatedfiles\debug\moc_resulttabwidget.cpp
c:\users\xiaohang\desktop\b\nfas\nfas\generatedfiles\debug\moc_attendancetabwidget.cpp
c:\users\xiaohang\desktop\b\nfas\nfas\generatedfiles\debug\moc_datamanager.cpp
c:\users\xiaohang\desktop\b\nfas\nfas\generatedfiles\debug\moc_academicclassstudenttabwidget.cpp
c:\users\xiaohang\desktop\b\nfas\x64\debug\nfas.ilk
c:\users\xiaohang\desktop\b\nfas\x64\debug\nfas.exe
c:\users\xiaohang\desktop\b\nfas\x64\debug\nfas.pdb
c:\users\xiaohang\desktop\b\nfas\nfas\x64\debug\nfas.tlog\cl.command.1.tlog
c:\users\xiaohang\desktop\b\nfas\nfas\x64\debug\nfas.tlog\cl.read.1.tlog
c:\users\xiaohang\desktop\b\nfas\nfas\x64\debug\nfas.tlog\cl.write.1.tlog
c:\users\xiaohang\desktop\b\nfas\nfas\x64\debug\nfas.tlog\custombuild.command.1.tlog
c:\users\xiaohang\desktop\b\nfas\nfas\x64\debug\nfas.tlog\custombuild.read.1.tlog
c:\users\xiaohang\desktop\b\nfas\nfas\x64\debug\nfas.tlog\custombuild.write.1.tlog
c:\users\xiaohang\desktop\b\nfas\nfas\x64\debug\nfas.tlog\link.command.1.tlog
c:\users\xiaohang\desktop\b\nfas\nfas\x64\debug\nfas.tlog\link.read.1.tlog
c:\users\xiaohang\desktop\b\nfas\nfas\x64\debug\nfas.tlog\link.write.1.tlog
